GowinSynthesis start
Running parser ...
Analyzing VHDL file 'C:\Users\pasca\OneDrive\Schule_BFH\5_Semester\TinyTapeoutProjekt\git\tt09-scope-bfh-mht1_3\fpga\gowin_vhdl_tang25k\src\simu_tt_top.vhdl'
Analyzing entity 'top'("C:\Users\pasca\OneDrive\Schule_BFH\5_Semester\TinyTapeoutProjekt\git\tt09-scope-bfh-mht1_3\fpga\gowin_vhdl_tang25k\src\simu_tt_top.vhdl":5)
Analyzing architecture 'rtl'("C:\Users\pasca\OneDrive\Schule_BFH\5_Semester\TinyTapeoutProjekt\git\tt09-scope-bfh-mht1_3\fpga\gowin_vhdl_tang25k\src\simu_tt_top.vhdl":17)
Analyzing VHDL file 'C:\Users\pasca\OneDrive\Schule_BFH\5_Semester\TinyTapeoutProjekt\git\tt09-scope-bfh-mht1_3\src\measurements\adc\pmodAD1.vhdl'
Analyzing entity 'pmodad1'("C:\Users\pasca\OneDrive\Schule_BFH\5_Semester\TinyTapeoutProjekt\git\tt09-scope-bfh-mht1_3\src\measurements\adc\pmodAD1.vhdl":18)
Analyzing architecture 'rtl'("C:\Users\pasca\OneDrive\Schule_BFH\5_Semester\TinyTapeoutProjekt\git\tt09-scope-bfh-mht1_3\src\measurements\adc\pmodAD1.vhdl":43)
Analyzing VHDL file 'C:\Users\pasca\OneDrive\Schule_BFH\5_Semester\TinyTapeoutProjekt\git\tt09-scope-bfh-mht1_3\src\measurements\measurement_sm.vhdl'
Analyzing entity 'measurement_sm'("C:\Users\pasca\OneDrive\Schule_BFH\5_Semester\TinyTapeoutProjekt\git\tt09-scope-bfh-mht1_3\src\measurements\measurement_sm.vhdl":18)
Analyzing architecture 'rtl'("C:\Users\pasca\OneDrive\Schule_BFH\5_Semester\TinyTapeoutProjekt\git\tt09-scope-bfh-mht1_3\src\measurements\measurement_sm.vhdl":72)
Analyzing VHDL file 'C:\Users\pasca\OneDrive\Schule_BFH\5_Semester\TinyTapeoutProjekt\git\tt09-scope-bfh-mht1_3\src\measurements\samples_memory\fram.vhdl'
Analyzing entity 'fram'("C:\Users\pasca\OneDrive\Schule_BFH\5_Semester\TinyTapeoutProjekt\git\tt09-scope-bfh-mht1_3\src\measurements\samples_memory\fram.vhdl":19)
Analyzing architecture 'rtl'("C:\Users\pasca\OneDrive\Schule_BFH\5_Semester\TinyTapeoutProjekt\git\tt09-scope-bfh-mht1_3\src\measurements\samples_memory\fram.vhdl":64)
Analyzing VHDL file 'C:\Users\pasca\OneDrive\Schule_BFH\5_Semester\TinyTapeoutProjekt\git\tt09-scope-bfh-mht1_3\src\measurements\samples_memory\spi_master.vhdl'
Analyzing entity 'spi_master'("C:\Users\pasca\OneDrive\Schule_BFH\5_Semester\TinyTapeoutProjekt\git\tt09-scope-bfh-mht1_3\src\measurements\samples_memory\spi_master.vhdl":19)
Analyzing architecture 'rtl'("C:\Users\pasca\OneDrive\Schule_BFH\5_Semester\TinyTapeoutProjekt\git\tt09-scope-bfh-mht1_3\src\measurements\samples_memory\spi_master.vhdl":56)
Analyzing VHDL file 'C:\Users\pasca\OneDrive\Schule_BFH\5_Semester\TinyTapeoutProjekt\git\tt09-scope-bfh-mht1_3\src\measurements\trigger_detection.vhdl'
Analyzing entity 'trigger_detection'("C:\Users\pasca\OneDrive\Schule_BFH\5_Semester\TinyTapeoutProjekt\git\tt09-scope-bfh-mht1_3\src\measurements\trigger_detection.vhdl":19)
Analyzing architecture 'rtl'("C:\Users\pasca\OneDrive\Schule_BFH\5_Semester\TinyTapeoutProjekt\git\tt09-scope-bfh-mht1_3\src\measurements\trigger_detection.vhdl":36)
Analyzing VHDL file 'C:\Users\pasca\OneDrive\Schule_BFH\5_Semester\TinyTapeoutProjekt\git\tt09-scope-bfh-mht1_3\src\settings\debouncer.vhdl'
Analyzing entity 'debouncer'("C:\Users\pasca\OneDrive\Schule_BFH\5_Semester\TinyTapeoutProjekt\git\tt09-scope-bfh-mht1_3\src\settings\debouncer.vhdl":19)
Analyzing architecture 'rtl'("C:\Users\pasca\OneDrive\Schule_BFH\5_Semester\TinyTapeoutProjekt\git\tt09-scope-bfh-mht1_3\src\settings\debouncer.vhdl":44)
Analyzing VHDL file 'C:\Users\pasca\OneDrive\Schule_BFH\5_Semester\TinyTapeoutProjekt\git\tt09-scope-bfh-mht1_3\src\settings\settings.vhdl'
Analyzing entity 'settings'("C:\Users\pasca\OneDrive\Schule_BFH\5_Semester\TinyTapeoutProjekt\git\tt09-scope-bfh-mht1_3\src\settings\settings.vhdl":22)
Analyzing architecture 'rtl'("C:\Users\pasca\OneDrive\Schule_BFH\5_Semester\TinyTapeoutProjekt\git\tt09-scope-bfh-mht1_3\src\settings\settings.vhdl":63)
Analyzing VHDL file 'C:\Users\pasca\OneDrive\Schule_BFH\5_Semester\TinyTapeoutProjekt\git\tt09-scope-bfh-mht1_3\src\tt_um_gfcwfzkm_scope_bfh_mht1_3.vhdl'
Analyzing entity 'tt_um_gfcwfzkm_scope_bfh_mht1_3'("C:\Users\pasca\OneDrive\Schule_BFH\5_Semester\TinyTapeoutProjekt\git\tt09-scope-bfh-mht1_3\src\tt_um_gfcwfzkm_scope_bfh_mht1_3.vhdl":15)
Analyzing architecture 'behavioral'("C:\Users\pasca\OneDrive\Schule_BFH\5_Semester\TinyTapeoutProjekt\git\tt09-scope-bfh-mht1_3\src\tt_um_gfcwfzkm_scope_bfh_mht1_3.vhdl":28)
Analyzing VHDL file 'C:\Users\pasca\OneDrive\Schule_BFH\5_Semester\TinyTapeoutProjekt\git\tt09-scope-bfh-mht1_3\src\video\image_generators\channel_gen.vhdl'
Analyzing entity 'channel_gen'("C:\Users\pasca\OneDrive\Schule_BFH\5_Semester\TinyTapeoutProjekt\git\tt09-scope-bfh-mht1_3\src\video\image_generators\channel_gen.vhdl":17)
Analyzing architecture 'rtl'("C:\Users\pasca\OneDrive\Schule_BFH\5_Semester\TinyTapeoutProjekt\git\tt09-scope-bfh-mht1_3\src\video\image_generators\channel_gen.vhdl":54)
Analyzing VHDL file 'C:\Users\pasca\OneDrive\Schule_BFH\5_Semester\TinyTapeoutProjekt\git\tt09-scope-bfh-mht1_3\src\video\image_generators\grid_gen.vhdl'
Analyzing entity 'grid_gen'("C:\Users\pasca\OneDrive\Schule_BFH\5_Semester\TinyTapeoutProjekt\git\tt09-scope-bfh-mht1_3\src\video\image_generators\grid_gen.vhdl":16)
Analyzing architecture 'rtl'("C:\Users\pasca\OneDrive\Schule_BFH\5_Semester\TinyTapeoutProjekt\git\tt09-scope-bfh-mht1_3\src\video\image_generators\grid_gen.vhdl":41)
Analyzing VHDL file 'C:\Users\pasca\OneDrive\Schule_BFH\5_Semester\TinyTapeoutProjekt\git\tt09-scope-bfh-mht1_3\src\video\image_generators\merge_generators.vhdl'
Analyzing entity 'merge_generators'("C:\Users\pasca\OneDrive\Schule_BFH\5_Semester\TinyTapeoutProjekt\git\tt09-scope-bfh-mht1_3\src\video\image_generators\merge_generators.vhdl":17)
Analyzing architecture 'rtl'("C:\Users\pasca\OneDrive\Schule_BFH\5_Semester\TinyTapeoutProjekt\git\tt09-scope-bfh-mht1_3\src\video\image_generators\merge_generators.vhdl":58)
Analyzing VHDL file 'C:\Users\pasca\OneDrive\Schule_BFH\5_Semester\TinyTapeoutProjekt\git\tt09-scope-bfh-mht1_3\src\video\image_generators\trigger_gen.vhdl'
Analyzing entity 'trigger_gen'("C:\Users\pasca\OneDrive\Schule_BFH\5_Semester\TinyTapeoutProjekt\git\tt09-scope-bfh-mht1_3\src\video\image_generators\trigger_gen.vhdl":17)
Analyzing architecture 'rtl'("C:\Users\pasca\OneDrive\Schule_BFH\5_Semester\TinyTapeoutProjekt\git\tt09-scope-bfh-mht1_3\src\video\image_generators\trigger_gen.vhdl":50)
Analyzing VHDL file 'C:\Users\pasca\OneDrive\Schule_BFH\5_Semester\TinyTapeoutProjekt\git\tt09-scope-bfh-mht1_3\src\video\video.vhdl'
Analyzing entity 'video'("C:\Users\pasca\OneDrive\Schule_BFH\5_Semester\TinyTapeoutProjekt\git\tt09-scope-bfh-mht1_3\src\video\video.vhdl":16)
Analyzing architecture 'rtl'("C:\Users\pasca\OneDrive\Schule_BFH\5_Semester\TinyTapeoutProjekt\git\tt09-scope-bfh-mht1_3\src\video\video.vhdl":62)
Analyzing VHDL file 'C:\Users\pasca\OneDrive\Schule_BFH\5_Semester\TinyTapeoutProjekt\git\tt09-scope-bfh-mht1_3\src\video\vtgen.vhdl'
Analyzing entity 'vtgen'("C:\Users\pasca\OneDrive\Schule_BFH\5_Semester\TinyTapeoutProjekt\git\tt09-scope-bfh-mht1_3\src\video\vtgen.vhdl":40)
Analyzing architecture 'rtl'("C:\Users\pasca\OneDrive\Schule_BFH\5_Semester\TinyTapeoutProjekt\git\tt09-scope-bfh-mht1_3\src\video\vtgen.vhdl":78)
Analyzing VHDL file 'C:\Users\pasca\OneDrive\Schule_BFH\5_Semester\TinyTapeoutProjekt\git\tt09-scope-bfh-mht1_3\src\signal_gen\signal_gen.vhdl'
Analyzing entity 'signal_gen'("C:\Users\pasca\OneDrive\Schule_BFH\5_Semester\TinyTapeoutProjekt\git\tt09-scope-bfh-mht1_3\src\signal_gen\signal_gen.vhdl":6)
Analyzing architecture 'rtl'("C:\Users\pasca\OneDrive\Schule_BFH\5_Semester\TinyTapeoutProjekt\git\tt09-scope-bfh-mht1_3\src\signal_gen\signal_gen.vhdl":20)
Analyzing VHDL file 'C:\Users\pasca\OneDrive\Schule_BFH\5_Semester\TinyTapeoutProjekt\git\tt09-scope-bfh-mht1_3\src\signal_gen\pmodDA2.vhdl'
Analyzing entity 'pmodda2'("C:\Users\pasca\OneDrive\Schule_BFH\5_Semester\TinyTapeoutProjekt\git\tt09-scope-bfh-mht1_3\src\signal_gen\pmodDA2.vhdl":18)
Analyzing architecture 'rtl'("C:\Users\pasca\OneDrive\Schule_BFH\5_Semester\TinyTapeoutProjekt\git\tt09-scope-bfh-mht1_3\src\signal_gen\pmodDA2.vhdl":41)
Analyzing VHDL file 'C:\Users\pasca\OneDrive\Schule_BFH\5_Semester\TinyTapeoutProjekt\git\tt09-scope-bfh-mht1_3\src\signal_gen\waveforms\sine.vhdl'
Analyzing entity 'sine'("C:\Users\pasca\OneDrive\Schule_BFH\5_Semester\TinyTapeoutProjekt\git\tt09-scope-bfh-mht1_3\src\signal_gen\waveforms\sine.vhdl":6)
Analyzing architecture 'rtl'("C:\Users\pasca\OneDrive\Schule_BFH\5_Semester\TinyTapeoutProjekt\git\tt09-scope-bfh-mht1_3\src\signal_gen\waveforms\sine.vhdl":13)
Analyzing VHDL file 'C:\Users\pasca\OneDrive\Schule_BFH\5_Semester\TinyTapeoutProjekt\git\tt09-scope-bfh-mht1_3\src\signal_gen\waveforms\triangle.vhdl'
Analyzing entity 'triangle'("C:\Users\pasca\OneDrive\Schule_BFH\5_Semester\TinyTapeoutProjekt\git\tt09-scope-bfh-mht1_3\src\signal_gen\waveforms\triangle.vhdl":6)
Analyzing architecture 'rtl'("C:\Users\pasca\OneDrive\Schule_BFH\5_Semester\TinyTapeoutProjekt\git\tt09-scope-bfh-mht1_3\src\signal_gen\waveforms\triangle.vhdl":13)
Analyzing VHDL file 'C:\Users\pasca\OneDrive\Schule_BFH\5_Semester\TinyTapeoutProjekt\git\tt09-scope-bfh-mht1_3\src\signal_gen\waveforms\rectangle.vhdl'
Analyzing entity 'rectangle'("C:\Users\pasca\OneDrive\Schule_BFH\5_Semester\TinyTapeoutProjekt\git\tt09-scope-bfh-mht1_3\src\signal_gen\waveforms\rectangle.vhdl":6)
Analyzing architecture 'rtl'("C:\Users\pasca\OneDrive\Schule_BFH\5_Semester\TinyTapeoutProjekt\git\tt09-scope-bfh-mht1_3\src\signal_gen\waveforms\rectangle.vhdl":13)
Analyzing VHDL file 'C:\Users\pasca\OneDrive\Schule_BFH\5_Semester\TinyTapeoutProjekt\git\tt09-scope-bfh-mht1_3\src\signal_gen\waveforms\sawtooth.vhdl'
Analyzing entity 'sawtooth'("C:\Users\pasca\OneDrive\Schule_BFH\5_Semester\TinyTapeoutProjekt\git\tt09-scope-bfh-mht1_3\src\signal_gen\waveforms\sawtooth.vhdl":6)
Analyzing architecture 'rtl'("C:\Users\pasca\OneDrive\Schule_BFH\5_Semester\TinyTapeoutProjekt\git\tt09-scope-bfh-mht1_3\src\signal_gen\waveforms\sawtooth.vhdl":13)
Processing 'top(rtl)'("C:\Users\pasca\OneDrive\Schule_BFH\5_Semester\TinyTapeoutProjekt\git\tt09-scope-bfh-mht1_3\fpga\gowin_vhdl_tang25k\src\simu_tt_top.vhdl":5)
Processing 'tt_um_gfcwfzkm_scope_bfh_mht1_3(Behavioral)'("C:\Users\pasca\OneDrive\Schule_BFH\5_Semester\TinyTapeoutProjekt\git\tt09-scope-bfh-mht1_3\src\tt_um_gfcwfzkm_scope_bfh_mht1_3.vhdl":15)
Processing 'video(rtl)'("C:\Users\pasca\OneDrive\Schule_BFH\5_Semester\TinyTapeoutProjekt\git\tt09-scope-bfh-mht1_3\src\video\video.vhdl":16)
Processing 'vtgen(rtl)'("C:\Users\pasca\OneDrive\Schule_BFH\5_Semester\TinyTapeoutProjekt\git\tt09-scope-bfh-mht1_3\src\video\vtgen.vhdl":40)
Processing 'merge_generators(rtl)'("C:\Users\pasca\OneDrive\Schule_BFH\5_Semester\TinyTapeoutProjekt\git\tt09-scope-bfh-mht1_3\src\video\image_generators\merge_generators.vhdl":17)
Processing 'Grid_Gen(rtl)'("C:\Users\pasca\OneDrive\Schule_BFH\5_Semester\TinyTapeoutProjekt\git\tt09-scope-bfh-mht1_3\src\video\image_generators\grid_gen.vhdl":16)
Processing 'channel_gen(rtl)'("C:\Users\pasca\OneDrive\Schule_BFH\5_Semester\TinyTapeoutProjekt\git\tt09-scope-bfh-mht1_3\src\video\image_generators\channel_gen.vhdl":17)
Processing 'trigger_gen(rtl)'("C:\Users\pasca\OneDrive\Schule_BFH\5_Semester\TinyTapeoutProjekt\git\tt09-scope-bfh-mht1_3\src\video\image_generators\trigger_gen.vhdl":17)
Processing 'settings(rtl)'("C:\Users\pasca\OneDrive\Schule_BFH\5_Semester\TinyTapeoutProjekt\git\tt09-scope-bfh-mht1_3\src\settings\settings.vhdl":22)
'others' clause is never selected("C:\Users\pasca\OneDrive\Schule_BFH\5_Semester\TinyTapeoutProjekt\git\tt09-scope-bfh-mht1_3\src\settings\settings.vhdl":296)
Processing 'debouncer(rtl)'("C:\Users\pasca\OneDrive\Schule_BFH\5_Semester\TinyTapeoutProjekt\git\tt09-scope-bfh-mht1_3\src\settings\debouncer.vhdl":19)
Processing 'measurement_sm(rtl)'("C:\Users\pasca\OneDrive\Schule_BFH\5_Semester\TinyTapeoutProjekt\git\tt09-scope-bfh-mht1_3\src\measurements\measurement_sm.vhdl":18)
'others' clause is never selected("C:\Users\pasca\OneDrive\Schule_BFH\5_Semester\TinyTapeoutProjekt\git\tt09-scope-bfh-mht1_3\src\measurements\measurement_sm.vhdl":335)
Processing 'fram(rtl)'("C:\Users\pasca\OneDrive\Schule_BFH\5_Semester\TinyTapeoutProjekt\git\tt09-scope-bfh-mht1_3\src\measurements\samples_memory\fram.vhdl":19)
'others' clause is never selected("C:\Users\pasca\OneDrive\Schule_BFH\5_Semester\TinyTapeoutProjekt\git\tt09-scope-bfh-mht1_3\src\measurements\samples_memory\fram.vhdl":324)
Processing 'spi_master(rtl)'("C:\Users\pasca\OneDrive\Schule_BFH\5_Semester\TinyTapeoutProjekt\git\tt09-scope-bfh-mht1_3\src\measurements\samples_memory\spi_master.vhdl":19)
Processing 'pmodAD1(rtl)'("C:\Users\pasca\OneDrive\Schule_BFH\5_Semester\TinyTapeoutProjekt\git\tt09-scope-bfh-mht1_3\src\measurements\adc\pmodAD1.vhdl":18)
Processing 'trigger_detection(rtl)'("C:\Users\pasca\OneDrive\Schule_BFH\5_Semester\TinyTapeoutProjekt\git\tt09-scope-bfh-mht1_3\src\measurements\trigger_detection.vhdl":19)
Processing 'signal_gen(rtl)'("C:\Users\pasca\OneDrive\Schule_BFH\5_Semester\TinyTapeoutProjekt\git\tt09-scope-bfh-mht1_3\src\signal_gen\signal_gen.vhdl":6)
Processing 'sine(rtl)'("C:\Users\pasca\OneDrive\Schule_BFH\5_Semester\TinyTapeoutProjekt\git\tt09-scope-bfh-mht1_3\src\signal_gen\waveforms\sine.vhdl":6)
Processing 'rectangle(rtl)'("C:\Users\pasca\OneDrive\Schule_BFH\5_Semester\TinyTapeoutProjekt\git\tt09-scope-bfh-mht1_3\src\signal_gen\waveforms\rectangle.vhdl":6)
Processing 'triangle(rtl)'("C:\Users\pasca\OneDrive\Schule_BFH\5_Semester\TinyTapeoutProjekt\git\tt09-scope-bfh-mht1_3\src\signal_gen\waveforms\triangle.vhdl":6)
Processing 'sawtooth(rtl)'("C:\Users\pasca\OneDrive\Schule_BFH\5_Semester\TinyTapeoutProjekt\git\tt09-scope-bfh-mht1_3\src\signal_gen\waveforms\sawtooth.vhdl":6)
Processing 'pmodDA2(rtl)'("C:\Users\pasca\OneDrive\Schule_BFH\5_Semester\TinyTapeoutProjekt\git\tt09-scope-bfh-mht1_3\src\signal_gen\pmodDA2.vhdl":18)
NOTE  (EX0101) : Current top module is "top"
[5%] Running netlist conversion ...
WARN  (CV0016) : Input BTN_S2 is unused("C:\Users\pasca\OneDrive\Schule_BFH\5_Semester\TinyTapeoutProjekt\git\tt09-scope-bfh-mht1_3\fpga\gowin_vhdl_tang25k\src\simu_tt_top.vhdl":9)
Running device independent optimization ...
[10%] Optimizing Phase 0 completed
[15%] Optimizing Phase 1 completed
[25%] Optimizing Phase 2 completed
Running inference ...
[30%] Inferring Phase 0 completed
[40%] Inferring Phase 1 completed
[50%] Inferring Phase 2 completed
[55%] Inferring Phase 3 completed
Running technical mapping ...
[60%] Tech-Mapping Phase 0 completed
[65%] Tech-Mapping Phase 1 completed
[75%] Tech-Mapping Phase 2 completed
[80%] Tech-Mapping Phase 3 completed
[90%] Tech-Mapping Phase 4 completed
WARN  (NL0002) : The module "rectangle" instantiated to "RECTANGLE_GENERATOR" is swept in optimizing("C:\Users\pasca\OneDrive\Schule_BFH\5_Semester\TinyTapeoutProjekt\git\tt09-scope-bfh-mht1_3\src\signal_gen\signal_gen.vhdl":144)
WARN  (NL0002) : The module "sawtooth" instantiated to "SAWTOOTH_GENERATOR" is swept in optimizing("C:\Users\pasca\OneDrive\Schule_BFH\5_Semester\TinyTapeoutProjekt\git\tt09-scope-bfh-mht1_3\src\signal_gen\signal_gen.vhdl":156)
WARN  (NL0002) : The module "triangle" instantiated to "TRIANGLE_GENERATOR" is swept in optimizing("C:\Users\pasca\OneDrive\Schule_BFH\5_Semester\TinyTapeoutProjekt\git\tt09-scope-bfh-mht1_3\src\signal_gen\signal_gen.vhdl":150)
WARN  (NL0002) : The module "Grid_Gen" instantiated to "Grid_Generator" is swept in optimizing("C:\Users\pasca\OneDrive\Schule_BFH\5_Semester\TinyTapeoutProjekt\git\tt09-scope-bfh-mht1_3\src\video\image_generators\merge_generators.vhdl":142)
[95%] Generate netlist file "C:\Users\pasca\OneDrive\Schule_BFH\5_Semester\TinyTapeoutProjekt\git\tt09-scope-bfh-mht1_3\fpga\gowin_vhdl_tang25k\impl\gwsynthesis\tt_project_env.vg" completed
[100%] Generate report file "C:\Users\pasca\OneDrive\Schule_BFH\5_Semester\TinyTapeoutProjekt\git\tt09-scope-bfh-mht1_3\fpga\gowin_vhdl_tang25k\impl\gwsynthesis\tt_project_env_syn.rpt.html" completed
GowinSynthesis finish
