Reading netlist file: "C:\Users\pasca\OneDrive\Schule_BFH\5_Semester\TinyTapeoutProjekt\git\tt09-scope-bfh-mht1_3\fpga\gowin_vhdl_tang25k\impl\gwsynthesis\tt_project_env.vg"
Parsing netlist file "C:\Users\pasca\OneDrive\Schule_BFH\5_Semester\TinyTapeoutProjekt\git\tt09-scope-bfh-mht1_3\fpga\gowin_vhdl_tang25k\impl\gwsynthesis\tt_project_env.vg" completed
Processing netlist completed
Reading constraint file: "C:\Users\pasca\OneDrive\Schule_BFH\5_Semester\TinyTapeoutProjekt\git\tt09-scope-bfh-mht1_3\fpga\gowin_vhdl_tang25k\src\tt_project_env.cst"
Physical Constraint parsed completed
Running placement......
[10%] Placement Phase 0 completed
[20%] Placement Phase 1 completed
[30%] Placement Phase 2 completed
[50%] Placement Phase 3 completed
Running routing......
[60%] Routing Phase 0 completed
[70%] Routing Phase 1 completed
[80%] Routing Phase 2 completed
[90%] Routing Phase 3 completed
Running timing analysis......
[95%] Timing analysis completed
Placement and routing completed
Bitstream generation in progress......
Bitstream generation completed
Running power analysis......
[100%] Power analysis completed
Generate file "C:\Users\pasca\OneDrive\Schule_BFH\5_Semester\TinyTapeoutProjekt\git\tt09-scope-bfh-mht1_3\fpga\gowin_vhdl_tang25k\impl\pnr\tt_project_env.power.html" completed
Generate file "C:\Users\pasca\OneDrive\Schule_BFH\5_Semester\TinyTapeoutProjekt\git\tt09-scope-bfh-mht1_3\fpga\gowin_vhdl_tang25k\impl\pnr\tt_project_env.pin.html" completed
Generate file "C:\Users\pasca\OneDrive\Schule_BFH\5_Semester\TinyTapeoutProjekt\git\tt09-scope-bfh-mht1_3\fpga\gowin_vhdl_tang25k\impl\pnr\tt_project_env.rpt.html" completed
Generate file "C:\Users\pasca\OneDrive\Schule_BFH\5_Semester\TinyTapeoutProjekt\git\tt09-scope-bfh-mht1_3\fpga\gowin_vhdl_tang25k\impl\pnr\tt_project_env.rpt.txt" completed
Generate file "C:\Users\pasca\OneDrive\Schule_BFH\5_Semester\TinyTapeoutProjekt\git\tt09-scope-bfh-mht1_3\fpga\gowin_vhdl_tang25k\impl\pnr\tt_project_env.tr.html" completed
Sun Oct 13 19:45:17 2024

